{"C:\\Users\\ASUS\\Desktop\\mynotebook\\app.js": {"path":"C:\\Users\\ASUS\\Desktop\\mynotebook\\app.js","statementMap":{"0":{"start":{"line":1,"column":16},"end":{"line":1,"column":34}},"1":{"start":{"line":2,"column":12},"end":{"line":2,"column":21}},"2":{"start":{"line":3,"column":10},"end":{"line":3,"column":44}},"3":{"start":{"line":4,"column":16},"end":{"line":4,"column":45}},"4":{"start":{"line":5,"column":20},"end":{"line":5,"column":53}},"5":{"start":{"line":6,"column":18},"end":{"line":6,"column":47}},"6":{"start":{"line":7,"column":21},"end":{"line":7,"column":64}},"7":{"start":{"line":10,"column":0},"end":{"line":10,"column":20}},"8":{"start":{"line":13,"column":0},"end":{"line":13,"column":23}},"9":{"start":{"line":14,"column":0},"end":{"line":14,"column":26}},"10":{"start":{"line":15,"column":0},"end":{"line":15,"column":35}},"11":{"start":{"line":16,"column":0},"end":{"line":16,"column":27}},"12":{"start":{"line":18,"column":0},"end":{"line":18,"column":21}},"13":{"start":{"line":20,"column":0},"end":{"line":20,"column":20}}},"fnMap":{},"branchMap":{},"s":{"0":1,"1":1,"2":1,"3":1,"4":1,"5":1,"6":1,"7":1,"8":1,"9":1,"10":1,"11":1,"12":1,"13":1},"f":{},"b":{},"_coverageSchema":"1a1c01bbd47fc00a2c39e90264f33305004495a9","hash":"8988acd83ea16c01c7b421fc2f57288920cd1f88"}
,"C:\\Users\\ASUS\\Desktop\\mynotebook\\controller\\cardController.js": {"path":"C:\\Users\\ASUS\\Desktop\\mynotebook\\controller\\cardController.js","statementMap":{"0":{"start":{"line":1,"column":13},"end":{"line":1,"column":42}},"1":{"start":{"line":2,"column":20},"end":{"line":2,"column":42}},"2":{"start":{"line":3,"column":18},"end":{"line":18,"column":1}},"3":{"start":{"line":5,"column":4},"end":{"line":17,"column":5}},"4":{"start":{"line":6,"column":34},"end":{"line":6,"column":105}},"5":{"start":{"line":7,"column":12},"end":{"line":7,"column":86}},"6":{"start":{"line":7,"column":39},"end":{"line":7,"column":86}},"7":{"start":{"line":9,"column":12},"end":{"line":9,"column":48}},"8":{"start":{"line":10,"column":28},"end":{"line":10,"column":46}},"9":{"start":{"line":11,"column":12},"end":{"line":11,"column":32}},"10":{"start":{"line":12,"column":25},"end":{"line":12,"column":70}},"11":{"start":{"line":13,"column":12},"end":{"line":13,"column":33}},"12":{"start":{"line":16,"column":7},"end":{"line":16,"column":18}},"13":{"start":{"line":20,"column":19},"end":{"line":27,"column":1}},"14":{"start":{"line":21,"column":4},"end":{"line":26,"column":5}},"15":{"start":{"line":22,"column":26},"end":{"line":22,"column":75}},"16":{"start":{"line":23,"column":12},"end":{"line":23,"column":34}},"17":{"start":{"line":25,"column":7},"end":{"line":25,"column":18}},"18":{"start":{"line":29,"column":19},"end":{"line":34,"column":1}},"19":{"start":{"line":30,"column":4},"end":{"line":33,"column":20}},"20":{"start":{"line":31,"column":11},"end":{"line":31,"column":36}},"21":{"start":{"line":33,"column":8},"end":{"line":33,"column":19}},"22":{"start":{"line":36,"column":18},"end":{"line":45,"column":1}},"23":{"start":{"line":38,"column":4},"end":{"line":38,"column":30}},"24":{"start":{"line":39,"column":4},"end":{"line":44,"column":5}},"25":{"start":{"line":40,"column":23},"end":{"line":40,"column":126}},"26":{"start":{"line":41,"column":9},"end":{"line":41,"column":30}},"27":{"start":{"line":43,"column":8},"end":{"line":43,"column":19}},"28":{"start":{"line":47,"column":18},"end":{"line":54,"column":1}},"29":{"start":{"line":48,"column":4},"end":{"line":53,"column":5}},"30":{"start":{"line":49,"column":12},"end":{"line":49,"column":60}},"31":{"start":{"line":50,"column":12},"end":{"line":50,"column":62}},"32":{"start":{"line":52,"column":8},"end":{"line":52,"column":19}},"33":{"start":{"line":57,"column":0},"end":{"line":57,"column":76}}},"fnMap":{"0":{"name":"(anonymous_0)","decl":{"start":{"line":3,"column":18},"end":{"line":3,"column":19}},"loc":{"start":{"line":3,"column":39},"end":{"line":18,"column":1}},"line":3},"1":{"name":"(anonymous_1)","decl":{"start":{"line":20,"column":19},"end":{"line":20,"column":20}},"loc":{"start":{"line":20,"column":40},"end":{"line":27,"column":1}},"line":20},"2":{"name":"(anonymous_2)","decl":{"start":{"line":29,"column":19},"end":{"line":29,"column":20}},"loc":{"start":{"line":29,"column":40},"end":{"line":34,"column":1}},"line":29},"3":{"name":"(anonymous_3)","decl":{"start":{"line":36,"column":18},"end":{"line":36,"column":19}},"loc":{"start":{"line":36,"column":39},"end":{"line":45,"column":1}},"line":36},"4":{"name":"(anonymous_4)","decl":{"start":{"line":47,"column":18},"end":{"line":47,"column":19}},"loc":{"start":{"line":47,"column":39},"end":{"line":54,"column":1}},"line":47}},"branchMap":{"0":{"loc":{"start":{"line":7,"column":12},"end":{"line":7,"column":86}},"type":"if","locations":[{"start":{"line":7,"column":12},"end":{"line":7,"column":86}},{"start":{},"end":{}}],"line":7}},"s":{"0":1,"1":1,"2":1,"3":2,"4":2,"5":2,"6":1,"7":1,"8":1,"9":1,"10":1,"11":1,"12":1,"13":1,"14":1,"15":1,"16":1,"17":0,"18":1,"19":1,"20":1,"21":0,"22":1,"23":1,"24":1,"25":1,"26":1,"27":0,"28":1,"29":1,"30":1,"31":1,"32":0,"33":1},"f":{"0":2,"1":1,"2":1,"3":1,"4":1},"b":{"0":[1,1]},"_coverageSchema":"1a1c01bbd47fc00a2c39e90264f33305004495a9","hash":"69b584cec0ad369ab64a4986b990c54bb8c3b25f"}
,"C:\\Users\\ASUS\\Desktop\\mynotebook\\controller\\notebookController.js": {"path":"C:\\Users\\ASUS\\Desktop\\mynotebook\\controller\\notebookController.js","statementMap":{"0":{"start":{"line":1,"column":16},"end":{"line":1,"column":49}},"1":{"start":{"line":2,"column":20},"end":{"line":2,"column":42}},"2":{"start":{"line":3,"column":22},"end":{"line":16,"column":1}},"3":{"start":{"line":5,"column":4},"end":{"line":14,"column":5}},"4":{"start":{"line":6,"column":12},"end":{"line":6,"column":36}},"5":{"start":{"line":7,"column":31},"end":{"line":7,"column":53}},"6":{"start":{"line":8,"column":12},"end":{"line":8,"column":36}},"7":{"start":{"line":9,"column":29},"end":{"line":9,"column":82}},"8":{"start":{"line":10,"column":12},"end":{"line":10,"column":30}},"9":{"start":{"line":13,"column":8},"end":{"line":13,"column":19}},"10":{"start":{"line":17,"column":21},"end":{"line":26,"column":1}},"11":{"start":{"line":18,"column":4},"end":{"line":25,"column":5}},"12":{"start":{"line":19,"column":32},"end":{"line":19,"column":77}},"13":{"start":{"line":20,"column":12},"end":{"line":22,"column":58}},"14":{"start":{"line":21,"column":12},"end":{"line":21,"column":33}},"15":{"start":{"line":22,"column":17},"end":{"line":22,"column":58}},"16":{"start":{"line":24,"column":8},"end":{"line":24,"column":19}},"17":{"start":{"line":28,"column":23},"end":{"line":36,"column":1}},"18":{"start":{"line":29,"column":4},"end":{"line":35,"column":5}},"19":{"start":{"line":31,"column":8},"end":{"line":31,"column":56}},"20":{"start":{"line":32,"column":8},"end":{"line":32,"column":55}},"21":{"start":{"line":34,"column":7},"end":{"line":34,"column":18}},"22":{"start":{"line":37,"column":0},"end":{"line":37,"column":63}}},"fnMap":{"0":{"name":"(anonymous_0)","decl":{"start":{"line":3,"column":22},"end":{"line":3,"column":23}},"loc":{"start":{"line":3,"column":43},"end":{"line":16,"column":1}},"line":3},"1":{"name":"(anonymous_1)","decl":{"start":{"line":17,"column":21},"end":{"line":17,"column":22}},"loc":{"start":{"line":17,"column":43},"end":{"line":26,"column":1}},"line":17},"2":{"name":"(anonymous_2)","decl":{"start":{"line":28,"column":23},"end":{"line":28,"column":24}},"loc":{"start":{"line":28,"column":44},"end":{"line":36,"column":1}},"line":28}},"branchMap":{"0":{"loc":{"start":{"line":20,"column":12},"end":{"line":22,"column":58}},"type":"if","locations":[{"start":{"line":20,"column":12},"end":{"line":22,"column":58}},{"start":{"line":22,"column":17},"end":{"line":22,"column":58}}],"line":20}},"s":{"0":1,"1":1,"2":1,"3":2,"4":2,"5":2,"6":2,"7":1,"8":1,"9":1,"10":1,"11":2,"12":2,"13":2,"14":1,"15":1,"16":1,"17":1,"18":1,"19":1,"20":1,"21":0,"22":1},"f":{"0":2,"1":2,"2":1},"b":{"0":[1,1]},"_coverageSchema":"1a1c01bbd47fc00a2c39e90264f33305004495a9","hash":"e2a15174cefda37a8e7bcac4104c6fd51a940368"}
,"C:\\Users\\ASUS\\Desktop\\mynotebook\\controller\\userController.js": {"path":"C:\\Users\\ASUS\\Desktop\\mynotebook\\controller\\userController.js","statementMap":{"0":{"start":{"line":1,"column":13},"end":{"line":1,"column":42}},"1":{"start":{"line":2,"column":15},"end":{"line":2,"column":32}},"2":{"start":{"line":3,"column":19},"end":{"line":3,"column":21}},"3":{"start":{"line":4,"column":20},"end":{"line":4,"column":42}},"4":{"start":{"line":5,"column":12},"end":{"line":5,"column":35}},"5":{"start":{"line":6,"column":0},"end":{"line":6,"column":26}},"6":{"start":{"line":8,"column":16},"end":{"line":24,"column":1}},"7":{"start":{"line":9,"column":4},"end":{"line":22,"column":5}},"8":{"start":{"line":10,"column":30},"end":{"line":10,"column":69}},"9":{"start":{"line":11,"column":8},"end":{"line":11,"column":61}},"10":{"start":{"line":11,"column":18},"end":{"line":11,"column":61}},"11":{"start":{"line":12,"column":24},"end":{"line":12,"column":39}},"12":{"start":{"line":13,"column":23},"end":{"line":13,"column":68}},"13":{"start":{"line":15,"column":12},"end":{"line":15,"column":33}},"14":{"start":{"line":16,"column":12},"end":{"line":16,"column":33}},"15":{"start":{"line":17,"column":25},"end":{"line":17,"column":90}},"16":{"start":{"line":18,"column":12},"end":{"line":18,"column":26}},"17":{"start":{"line":21,"column":8},"end":{"line":21,"column":19}},"18":{"start":{"line":25,"column":13},"end":{"line":46,"column":1}},"19":{"start":{"line":27,"column":4},"end":{"line":45,"column":5}},"20":{"start":{"line":29,"column":28},"end":{"line":29,"column":56}},"21":{"start":{"line":30,"column":6},"end":{"line":30,"column":59}},"22":{"start":{"line":30,"column":16},"end":{"line":30,"column":59}},"23":{"start":{"line":32,"column":22},"end":{"line":32,"column":78}},"24":{"start":{"line":34,"column":20},"end":{"line":34,"column":78}},"25":{"start":{"line":36,"column":6},"end":{"line":42,"column":66}},"26":{"start":{"line":37,"column":19},"end":{"line":37,"column":81}},"27":{"start":{"line":38,"column":20},"end":{"line":38,"column":116}},"28":{"start":{"line":39,"column":12},"end":{"line":41,"column":29}},"29":{"start":{"line":42,"column":15},"end":{"line":42,"column":66}},"30":{"start":{"line":44,"column":8},"end":{"line":44,"column":19}},"31":{"start":{"line":49,"column":19},"end":{"line":66,"column":1}},"32":{"start":{"line":51,"column":4},"end":{"line":51,"column":28}},"33":{"start":{"line":52,"column":4},"end":{"line":52,"column":23}},"34":{"start":{"line":53,"column":4},"end":{"line":53,"column":23}},"35":{"start":{"line":55,"column":4},"end":{"line":65,"column":5}},"36":{"start":{"line":57,"column":30},"end":{"line":57,"column":58}},"37":{"start":{"line":58,"column":8},"end":{"line":58,"column":61}},"38":{"start":{"line":58,"column":18},"end":{"line":58,"column":61}},"39":{"start":{"line":60,"column":26},"end":{"line":60,"column":145}},"40":{"start":{"line":61,"column":8},"end":{"line":61,"column":29}},"41":{"start":{"line":64,"column":8},"end":{"line":64,"column":19}},"42":{"start":{"line":68,"column":22},"end":{"line":83,"column":1}},"43":{"start":{"line":70,"column":26},"end":{"line":70,"column":54}},"44":{"start":{"line":71,"column":4},"end":{"line":71,"column":57}},"45":{"start":{"line":71,"column":14},"end":{"line":71,"column":57}},"46":{"start":{"line":73,"column":4},"end":{"line":82,"column":5}},"47":{"start":{"line":74,"column":27},"end":{"line":74,"column":71}},"48":{"start":{"line":75,"column":38},"end":{"line":75,"column":136}},"49":{"start":{"line":76,"column":16},"end":{"line":79,"column":18}},"50":{"start":{"line":81,"column":7},"end":{"line":81,"column":18}},"51":{"start":{"line":85,"column":20},"end":{"line":92,"column":1}},"52":{"start":{"line":86,"column":4},"end":{"line":91,"column":5}},"53":{"start":{"line":87,"column":12},"end":{"line":87,"column":52}},"54":{"start":{"line":88,"column":12},"end":{"line":88,"column":55}},"55":{"start":{"line":90,"column":7},"end":{"line":90,"column":18}},"56":{"start":{"line":93,"column":0},"end":{"line":93,"column":75}}},"fnMap":{"0":{"name":"(anonymous_0)","decl":{"start":{"line":8,"column":16},"end":{"line":8,"column":17}},"loc":{"start":{"line":8,"column":38},"end":{"line":24,"column":1}},"line":8},"1":{"name":"(anonymous_1)","decl":{"start":{"line":25,"column":13},"end":{"line":25,"column":14}},"loc":{"start":{"line":25,"column":34},"end":{"line":46,"column":1}},"line":25},"2":{"name":"(anonymous_2)","decl":{"start":{"line":49,"column":19},"end":{"line":49,"column":20}},"loc":{"start":{"line":49,"column":40},"end":{"line":66,"column":1}},"line":49},"3":{"name":"(anonymous_3)","decl":{"start":{"line":68,"column":22},"end":{"line":68,"column":23}},"loc":{"start":{"line":68,"column":38},"end":{"line":83,"column":1}},"line":68},"4":{"name":"(anonymous_4)","decl":{"start":{"line":85,"column":20},"end":{"line":85,"column":21}},"loc":{"start":{"line":85,"column":41},"end":{"line":92,"column":1}},"line":85}},"branchMap":{"0":{"loc":{"start":{"line":11,"column":8},"end":{"line":11,"column":61}},"type":"if","locations":[{"start":{"line":11,"column":8},"end":{"line":11,"column":61}},{"start":{},"end":{}}],"line":11},"1":{"loc":{"start":{"line":30,"column":6},"end":{"line":30,"column":59}},"type":"if","locations":[{"start":{"line":30,"column":6},"end":{"line":30,"column":59}},{"start":{},"end":{}}],"line":30},"2":{"loc":{"start":{"line":36,"column":6},"end":{"line":42,"column":66}},"type":"if","locations":[{"start":{"line":36,"column":6},"end":{"line":42,"column":66}},{"start":{"line":42,"column":15},"end":{"line":42,"column":66}}],"line":36},"3":{"loc":{"start":{"line":58,"column":8},"end":{"line":58,"column":61}},"type":"if","locations":[{"start":{"line":58,"column":8},"end":{"line":58,"column":61}},{"start":{},"end":{}}],"line":58},"4":{"loc":{"start":{"line":71,"column":4},"end":{"line":71,"column":57}},"type":"if","locations":[{"start":{"line":71,"column":4},"end":{"line":71,"column":57}},{"start":{},"end":{}}],"line":71}},"s":{"0":1,"1":1,"2":1,"3":1,"4":1,"5":1,"6":1,"7":3,"8":3,"9":3,"10":1,"11":2,"12":2,"13":2,"14":2,"15":1,"16":1,"17":2,"18":1,"19":4,"20":4,"21":4,"22":0,"23":4,"24":4,"25":3,"26":2,"27":2,"28":2,"29":1,"30":2,"31":1,"32":2,"33":2,"34":2,"35":2,"36":2,"37":2,"38":0,"39":2,"40":1,"41":1,"42":1,"43":1,"44":1,"45":0,"46":1,"47":1,"48":1,"49":1,"50":0,"51":1,"52":1,"53":1,"54":1,"55":0,"56":1},"f":{"0":3,"1":4,"2":2,"3":1,"4":1},"b":{"0":[1,2],"1":[0,4],"2":[2,1],"3":[0,2],"4":[0,1]},"_coverageSchema":"1a1c01bbd47fc00a2c39e90264f33305004495a9","hash":"672ac392ae2266b0119a07409fda51b2a25b5e4c"}
,"C:\\Users\\ASUS\\Desktop\\mynotebook\\enum\\languages.js": {"path":"C:\\Users\\ASUS\\Desktop\\mynotebook\\enum\\languages.js","statementMap":{"0":{"start":{"line":1,"column":16},"end":{"line":30,"column":1}},"1":{"start":{"line":32,"column":0},"end":{"line":32,"column":24}}},"fnMap":{},"branchMap":{},"s":{"0":1,"1":1},"f":{},"b":{},"_coverageSchema":"1a1c01bbd47fc00a2c39e90264f33305004495a9","hash":"213c8d575a768bd0f1a384e8e1bd2daa9fea4fa5"}
,"C:\\Users\\ASUS\\Desktop\\mynotebook\\enum\\phraseTypes.js": {"path":"C:\\Users\\ASUS\\Desktop\\mynotebook\\enum\\phraseTypes.js","statementMap":{"0":{"start":{"line":1,"column":19},"end":{"line":8,"column":1}}},"fnMap":{},"branchMap":{},"s":{"0":1},"f":{},"b":{},"_coverageSchema":"1a1c01bbd47fc00a2c39e90264f33305004495a9","hash":"40a53d8afdae51c939033f7c58103064113443c6"}
,"C:\\Users\\ASUS\\Desktop\\mynotebook\\model\\cardModel.js": {"path":"C:\\Users\\ASUS\\Desktop\\mynotebook\\model\\cardModel.js","statementMap":{"0":{"start":{"line":1,"column":17},"end":{"line":1,"column":36}},"1":{"start":{"line":2,"column":16},"end":{"line":2,"column":24}},"2":{"start":{"line":3,"column":12},"end":{"line":3,"column":42}},"3":{"start":{"line":5,"column":19},"end":{"line":44,"column":2}},"4":{"start":{"line":46,"column":13},"end":{"line":46,"column":48}},"5":{"start":{"line":48,"column":0},"end":{"line":48,"column":21}}},"fnMap":{},"branchMap":{},"s":{"0":1,"1":1,"2":1,"3":1,"4":1,"5":1},"f":{},"b":{},"_coverageSchema":"1a1c01bbd47fc00a2c39e90264f33305004495a9","hash":"e38fe5ff136c330aa2be4fe67eb8d8a313b5ec0c"}
,"C:\\Users\\ASUS\\Desktop\\mynotebook\\model\\notebookModel.js": {"path":"C:\\Users\\ASUS\\Desktop\\mynotebook\\model\\notebookModel.js","statementMap":{"0":{"start":{"line":1,"column":17},"end":{"line":1,"column":36}},"1":{"start":{"line":2,"column":16},"end":{"line":2,"column":24}},"2":{"start":{"line":3,"column":17},"end":{"line":3,"column":45}},"3":{"start":{"line":5,"column":23},"end":{"line":16,"column":2}},"4":{"start":{"line":18,"column":17},"end":{"line":18,"column":60}},"5":{"start":{"line":20,"column":0},"end":{"line":20,"column":25}}},"fnMap":{},"branchMap":{},"s":{"0":1,"1":1,"2":1,"3":1,"4":1,"5":1},"f":{},"b":{},"_coverageSchema":"1a1c01bbd47fc00a2c39e90264f33305004495a9","hash":"10a69909684fc59a6dd07b67d4c774f8a12f8cb6"}
,"C:\\Users\\ASUS\\Desktop\\mynotebook\\model\\userModel.js": {"path":"C:\\Users\\ASUS\\Desktop\\mynotebook\\model\\userModel.js","statementMap":{"0":{"start":{"line":1,"column":17},"end":{"line":1,"column":36}},"1":{"start":{"line":2,"column":19},"end":{"line":2,"column":27}},"2":{"start":{"line":3,"column":12},"end":{"line":3,"column":26}},"3":{"start":{"line":6,"column":19},"end":{"line":32,"column":2}},"4":{"start":{"line":34,"column":15},"end":{"line":39,"column":2}},"5":{"start":{"line":41,"column":0},"end":{"line":44,"column":1}},"6":{"start":{"line":42,"column":2},"end":{"line":42,"column":19}},"7":{"start":{"line":43,"column":2},"end":{"line":43,"column":36}},"8":{"start":{"line":46,"column":0},"end":{"line":48,"column":1}},"9":{"start":{"line":47,"column":3},"end":{"line":47,"column":37}},"10":{"start":{"line":51,"column":13},"end":{"line":51,"column":48}},"11":{"start":{"line":53,"column":0},"end":{"line":53,"column":21}}},"fnMap":{"0":{"name":"(anonymous_0)","decl":{"start":{"line":41,"column":44},"end":{"line":41,"column":45}},"loc":{"start":{"line":41,"column":58},"end":{"line":44,"column":1}},"line":41},"1":{"name":"(anonymous_1)","decl":{"start":{"line":46,"column":33},"end":{"line":46,"column":34}},"loc":{"start":{"line":46,"column":47},"end":{"line":48,"column":1}},"line":46}},"branchMap":{},"s":{"0":1,"1":1,"2":1,"3":1,"4":1,"5":1,"6":3,"7":3,"8":1,"9":7,"10":1,"11":1},"f":{"0":3,"1":7},"b":{},"_coverageSchema":"1a1c01bbd47fc00a2c39e90264f33305004495a9","hash":"6d02ec896ac2e68a135f2dbeccd6628f3bf518f3"}
,"C:\\Users\\ASUS\\Desktop\\mynotebook\\routes\\cardRoute.js": {"path":"C:\\Users\\ASUS\\Desktop\\mynotebook\\routes\\cardRoute.js","statementMap":{"0":{"start":{"line":1,"column":16},"end":{"line":1,"column":34}},"1":{"start":{"line":2,"column":15},"end":{"line":2,"column":31}},"2":{"start":{"line":3,"column":69},"end":{"line":3,"column":108}},"3":{"start":{"line":4,"column":23},"end":{"line":4,"column":68}},"4":{"start":{"line":5,"column":27},"end":{"line":5,"column":75}},"5":{"start":{"line":6,"column":23},"end":{"line":6,"column":68}},"6":{"start":{"line":8,"column":0},"end":{"line":8,"column":75}},"7":{"start":{"line":10,"column":0},"end":{"line":10,"column":80}},"8":{"start":{"line":12,"column":0},"end":{"line":12,"column":67}},"9":{"start":{"line":14,"column":0},"end":{"line":14,"column":68}},"10":{"start":{"line":16,"column":0},"end":{"line":16,"column":69}},"11":{"start":{"line":18,"column":0},"end":{"line":18,"column":21}}},"fnMap":{},"branchMap":{},"s":{"0":1,"1":1,"2":1,"3":1,"4":1,"5":1,"6":1,"7":1,"8":1,"9":1,"10":1,"11":1},"f":{},"b":{},"_coverageSchema":"1a1c01bbd47fc00a2c39e90264f33305004495a9","hash":"7bee65ac7cf59184f47a2bd51c84b5622286c7f7"}
,"C:\\Users\\ASUS\\Desktop\\mynotebook\\routes\\notebookRoute.js": {"path":"C:\\Users\\ASUS\\Desktop\\mynotebook\\routes\\notebookRoute.js","statementMap":{"0":{"start":{"line":1,"column":16},"end":{"line":1,"column":34}},"1":{"start":{"line":2,"column":15},"end":{"line":2,"column":31}},"2":{"start":{"line":3,"column":27},"end":{"line":3,"column":76}},"3":{"start":{"line":4,"column":55},"end":{"line":4,"column":98}},"4":{"start":{"line":5,"column":23},"end":{"line":5,"column":68}},"5":{"start":{"line":6,"column":27},"end":{"line":6,"column":75}},"6":{"start":{"line":8,"column":0},"end":{"line":8,"column":48}},"7":{"start":{"line":10,"column":0},"end":{"line":10,"column":45}},"8":{"start":{"line":12,"column":0},"end":{"line":12,"column":99}},"9":{"start":{"line":14,"column":0},"end":{"line":14,"column":22}}},"fnMap":{},"branchMap":{},"s":{"0":1,"1":1,"2":1,"3":1,"4":1,"5":1,"6":1,"7":1,"8":1,"9":1},"f":{},"b":{},"_coverageSchema":"1a1c01bbd47fc00a2c39e90264f33305004495a9","hash":"e6899f0049a0127a9efc804ed13e100c47a59f16"}
,"C:\\Users\\ASUS\\Desktop\\mynotebook\\routes\\userRoute.js": {"path":"C:\\Users\\ASUS\\Desktop\\mynotebook\\routes\\userRoute.js","statementMap":{"0":{"start":{"line":1,"column":16},"end":{"line":1,"column":34}},"1":{"start":{"line":2,"column":15},"end":{"line":2,"column":31}},"2":{"start":{"line":3,"column":23},"end":{"line":3,"column":68}},"3":{"start":{"line":4,"column":24},"end":{"line":4,"column":76}},"4":{"start":{"line":5,"column":20},"end":{"line":5,"column":69}},"5":{"start":{"line":6,"column":71},"end":{"line":6,"column":110}},"6":{"start":{"line":8,"column":0},"end":{"line":8,"column":34}},"7":{"start":{"line":10,"column":0},"end":{"line":10,"column":28}},"8":{"start":{"line":12,"column":0},"end":{"line":12,"column":79}},"9":{"start":{"line":14,"column":0},"end":{"line":14,"column":47}},"10":{"start":{"line":16,"column":0},"end":{"line":16,"column":62}},"11":{"start":{"line":18,"column":0},"end":{"line":18,"column":23}}},"fnMap":{},"branchMap":{},"s":{"0":1,"1":1,"2":1,"3":1,"4":1,"5":1,"6":1,"7":1,"8":1,"9":1,"10":1,"11":1},"f":{},"b":{},"_coverageSchema":"1a1c01bbd47fc00a2c39e90264f33305004495a9","hash":"e62470fc0f3795edab7e8d8964761d34dd30932f"}
,"C:\\Users\\ASUS\\Desktop\\mynotebook\\utils\\db\\dbConnection.js": {"path":"C:\\Users\\ASUS\\Desktop\\mynotebook\\utils\\db\\dbConnection.js","statementMap":{"0":{"start":{"line":1,"column":18},"end":{"line":1,"column":37}},"1":{"start":{"line":2,"column":0},"end":{"line":2,"column":26}},"2":{"start":{"line":4,"column":24},"end":{"line":11,"column":1}},"3":{"start":{"line":5,"column":4},"end":{"line":9,"column":5}},"4":{"start":{"line":6,"column":8},"end":{"line":6,"column":158}},"5":{"start":{"line":8,"column":8},"end":{"line":8,"column":26}},"6":{"start":{"line":13,"column":0},"end":{"line":13,"column":34}}},"fnMap":{"0":{"name":"(anonymous_0)","decl":{"start":{"line":4,"column":24},"end":{"line":4,"column":25}},"loc":{"start":{"line":4,"column":33},"end":{"line":11,"column":1}},"line":4}},"branchMap":{"0":{"loc":{"start":{"line":6,"column":31},"end":{"line":6,"column":105}},"type":"binary-expr","locations":[{"start":{"line":6,"column":31},"end":{"line":6,"column":63}},{"start":{"line":6,"column":67},"end":{"line":6,"column":105}}],"line":6}},"s":{"0":1,"1":1,"2":1,"3":1,"4":1,"5":0,"6":1},"f":{"0":1},"b":{"0":[1,1]},"_coverageSchema":"1a1c01bbd47fc00a2c39e90264f33305004495a9","hash":"9365309677f9be3cf7c6651d762ef2bf8a4fbfba"}
,"C:\\Users\\ASUS\\Desktop\\mynotebook\\utils\\middleware\\accesForNotebooks.js": {"path":"C:\\Users\\ASUS\\Desktop\\mynotebook\\utils\\middleware\\accesForNotebooks.js","statementMap":{"0":{"start":{"line":1,"column":17},"end":{"line":1,"column":53}},"1":{"start":{"line":2,"column":20},"end":{"line":2,"column":42}},"2":{"start":{"line":4,"column":27},"end":{"line":15,"column":1}},"3":{"start":{"line":5,"column":4},"end":{"line":13,"column":5}},"4":{"start":{"line":6,"column":25},"end":{"line":6,"column":71}},"5":{"start":{"line":7,"column":8},"end":{"line":9,"column":37}},"6":{"start":{"line":8,"column":11},"end":{"line":8,"column":61}},"7":{"start":{"line":9,"column":14},"end":{"line":9,"column":37}},"8":{"start":{"line":10,"column":8},"end":{"line":10,"column":14}},"9":{"start":{"line":12,"column":8},"end":{"line":12,"column":19}},"10":{"start":{"line":17,"column":0},"end":{"line":17,"column":34}}},"fnMap":{"0":{"name":"(anonymous_0)","decl":{"start":{"line":4,"column":27},"end":{"line":4,"column":28}},"loc":{"start":{"line":4,"column":49},"end":{"line":15,"column":1}},"line":4}},"branchMap":{"0":{"loc":{"start":{"line":7,"column":8},"end":{"line":9,"column":37}},"type":"if","locations":[{"start":{"line":7,"column":8},"end":{"line":9,"column":37}},{"start":{"line":9,"column":14},"end":{"line":9,"column":37}}],"line":7}},"s":{"0":1,"1":1,"2":1,"3":7,"4":7,"5":7,"6":3,"7":4,"8":4,"9":3,"10":1},"f":{"0":7},"b":{"0":[3,4]},"_coverageSchema":"1a1c01bbd47fc00a2c39e90264f33305004495a9","hash":"984fc157f8fa5d4073d58a50bd687b9a498dcf9c"}
,"C:\\Users\\ASUS\\Desktop\\mynotebook\\utils\\middleware\\accessForCards.js": {"path":"C:\\Users\\ASUS\\Desktop\\mynotebook\\utils\\middleware\\accessForCards.js","statementMap":{"0":{"start":{"line":1,"column":17},"end":{"line":1,"column":53}},"1":{"start":{"line":2,"column":13},"end":{"line":2,"column":45}},"2":{"start":{"line":3,"column":20},"end":{"line":3,"column":42}},"3":{"start":{"line":5,"column":23},"end":{"line":18,"column":1}},"4":{"start":{"line":7,"column":4},"end":{"line":17,"column":5}},"5":{"start":{"line":8,"column":21},"end":{"line":8,"column":72}},"6":{"start":{"line":9,"column":24},"end":{"line":9,"column":70}},"7":{"start":{"line":10,"column":8},"end":{"line":14,"column":57}},"8":{"start":{"line":11,"column":12},"end":{"line":11,"column":27}},"9":{"start":{"line":12,"column":12},"end":{"line":12,"column":18}},"10":{"start":{"line":14,"column":7},"end":{"line":14,"column":57}},"11":{"start":{"line":16,"column":8},"end":{"line":16,"column":19}},"12":{"start":{"line":20,"column":0},"end":{"line":20,"column":30}}},"fnMap":{"0":{"name":"(anonymous_0)","decl":{"start":{"line":5,"column":23},"end":{"line":5,"column":24}},"loc":{"start":{"line":5,"column":45},"end":{"line":18,"column":1}},"line":5}},"branchMap":{"0":{"loc":{"start":{"line":10,"column":8},"end":{"line":14,"column":57}},"type":"if","locations":[{"start":{"line":10,"column":8},"end":{"line":14,"column":57}},{"start":{"line":14,"column":7},"end":{"line":14,"column":57}}],"line":10}},"s":{"0":1,"1":1,"2":1,"3":1,"4":6,"5":6,"6":6,"7":6,"8":3,"9":3,"10":3,"11":3,"12":1},"f":{"0":6},"b":{"0":[3,3]},"_coverageSchema":"1a1c01bbd47fc00a2c39e90264f33305004495a9","hash":"767e6789cd80abe1860b3f67194c66becd6289cf"}
,"C:\\Users\\ASUS\\Desktop\\mynotebook\\utils\\middleware\\authMiddleware.js": {"path":"C:\\Users\\ASUS\\Desktop\\mynotebook\\utils\\middleware\\authMiddleware.js","statementMap":{"0":{"start":{"line":1,"column":12},"end":{"line":1,"column":35}},"1":{"start":{"line":2,"column":13},"end":{"line":2,"column":45}},"2":{"start":{"line":3,"column":20},"end":{"line":3,"column":42}},"3":{"start":{"line":4,"column":0},"end":{"line":4,"column":26}},"4":{"start":{"line":6,"column":23},"end":{"line":24,"column":1}},"5":{"start":{"line":7,"column":4},"end":{"line":22,"column":5}},"6":{"start":{"line":8,"column":8},"end":{"line":19,"column":9}},"7":{"start":{"line":9,"column":26},"end":{"line":9,"column":76}},"8":{"start":{"line":10,"column":12},"end":{"line":10,"column":67}},"9":{"start":{"line":12,"column":24},"end":{"line":12,"column":69}},"10":{"start":{"line":13,"column":12},"end":{"line":13,"column":25}},"11":{"start":{"line":14,"column":12},"end":{"line":14,"column":18}},"12":{"start":{"line":17,"column":24},"end":{"line":17,"column":63}},"13":{"start":{"line":18,"column":12},"end":{"line":18,"column":28}},"14":{"start":{"line":21,"column":8},"end":{"line":21,"column":19}},"15":{"start":{"line":26,"column":0},"end":{"line":26,"column":30}}},"fnMap":{"0":{"name":"(anonymous_0)","decl":{"start":{"line":6,"column":23},"end":{"line":6,"column":24}},"loc":{"start":{"line":6,"column":45},"end":{"line":24,"column":1}},"line":6}},"branchMap":{"0":{"loc":{"start":{"line":8,"column":8},"end":{"line":19,"column":9}},"type":"if","locations":[{"start":{"line":8,"column":8},"end":{"line":19,"column":9}},{"start":{"line":16,"column":15},"end":{"line":19,"column":9}}],"line":8}},"s":{"0":1,"1":1,"2":1,"3":1,"4":1,"5":23,"6":23,"7":22,"8":22,"9":21,"10":21,"11":21,"12":1,"13":1,"14":2,"15":1},"f":{"0":23},"b":{"0":[22,1]},"_coverageSchema":"1a1c01bbd47fc00a2c39e90264f33305004495a9","hash":"6dc5384bcb6afc0fed59cb25d94165b0bbfe5e19"}
,"C:\\Users\\ASUS\\Desktop\\mynotebook\\utils\\middleware\\deleteRelatedCards.js": {"path":"C:\\Users\\ASUS\\Desktop\\mynotebook\\utils\\middleware\\deleteRelatedCards.js","statementMap":{"0":{"start":{"line":1,"column":13},"end":{"line":1,"column":45}},"1":{"start":{"line":2,"column":17},"end":{"line":2,"column":53}},"2":{"start":{"line":3,"column":19},"end":{"line":14,"column":1}},"3":{"start":{"line":5,"column":4},"end":{"line":13,"column":5}},"4":{"start":{"line":6,"column":26},"end":{"line":6,"column":64}},"5":{"start":{"line":7,"column":8},"end":{"line":9,"column":10}},"6":{"start":{"line":8,"column":13},"end":{"line":8,"column":61}},"7":{"start":{"line":10,"column":8},"end":{"line":10,"column":14}},"8":{"start":{"line":12,"column":8},"end":{"line":12,"column":19}},"9":{"start":{"line":16,"column":0},"end":{"line":16,"column":28}}},"fnMap":{"0":{"name":"(anonymous_0)","decl":{"start":{"line":3,"column":19},"end":{"line":3,"column":20}},"loc":{"start":{"line":3,"column":40},"end":{"line":14,"column":1}},"line":3},"1":{"name":"(anonymous_1)","decl":{"start":{"line":7,"column":26},"end":{"line":7,"column":27}},"loc":{"start":{"line":7,"column":44},"end":{"line":9,"column":9}},"line":7}},"branchMap":{},"s":{"0":1,"1":1,"2":1,"3":2,"4":2,"5":2,"6":1,"7":2,"8":0,"9":1},"f":{"0":2,"1":1},"b":{},"_coverageSchema":"1a1c01bbd47fc00a2c39e90264f33305004495a9","hash":"006ba6473cc66158327237b173d13e38c9e98591"}
,"C:\\Users\\ASUS\\Desktop\\mynotebook\\utils\\middleware\\deleteRelatedNotebook.js": {"path":"C:\\Users\\ASUS\\Desktop\\mynotebook\\utils\\middleware\\deleteRelatedNotebook.js","statementMap":{"0":{"start":{"line":1,"column":17},"end":{"line":1,"column":53}},"1":{"start":{"line":3,"column":23},"end":{"line":11,"column":1}},"2":{"start":{"line":5,"column":4},"end":{"line":9,"column":5}},"3":{"start":{"line":6,"column":8},"end":{"line":6,"column":52}},"4":{"start":{"line":8,"column":8},"end":{"line":8,"column":19}},"5":{"start":{"line":10,"column":4},"end":{"line":10,"column":10}},"6":{"start":{"line":13,"column":0},"end":{"line":13,"column":32}}},"fnMap":{"0":{"name":"(anonymous_0)","decl":{"start":{"line":3,"column":23},"end":{"line":3,"column":24}},"loc":{"start":{"line":3,"column":44},"end":{"line":11,"column":1}},"line":3}},"branchMap":{},"s":{"0":1,"1":1,"2":1,"3":1,"4":0,"5":1,"6":1},"f":{"0":1},"b":{},"_coverageSchema":"1a1c01bbd47fc00a2c39e90264f33305004495a9","hash":"7591fbbd0ee7a4762e3249ac5c0ce55ab0f304ef"}
,"C:\\Users\\ASUS\\Desktop\\mynotebook\\utils\\middleware\\errorHandling.js": {"path":"C:\\Users\\ASUS\\Desktop\\mynotebook\\utils\\middleware\\errorHandling.js","statementMap":{"0":{"start":{"line":1,"column":20},"end":{"line":11,"column":1}},"1":{"start":{"line":3,"column":4},"end":{"line":10,"column":6}},"2":{"start":{"line":4,"column":8},"end":{"line":6,"column":10}},"3":{"start":{"line":8,"column":9},"end":{"line":10,"column":6}},"4":{"start":{"line":13,"column":0},"end":{"line":13,"column":28}}},"fnMap":{"0":{"name":"(anonymous_0)","decl":{"start":{"line":1,"column":20},"end":{"line":1,"column":21}},"loc":{"start":{"line":1,"column":43},"end":{"line":11,"column":1}},"line":1}},"branchMap":{"0":{"loc":{"start":{"line":3,"column":4},"end":{"line":10,"column":6}},"type":"if","locations":[{"start":{"line":3,"column":4},"end":{"line":10,"column":6}},{"start":{"line":8,"column":9},"end":{"line":10,"column":6}}],"line":3}},"s":{"0":1,"1":16,"2":2,"3":14,"4":1},"f":{"0":16},"b":{"0":[2,14]},"_coverageSchema":"1a1c01bbd47fc00a2c39e90264f33305004495a9","hash":"f6d4a821504f61934fca294050ad9c6cd3b8aae7"}
}
