{"C:\\Users\\ASUS\\Desktop\\mynotebook\\controller\\userController.js": {"path":"C:\\Users\\ASUS\\Desktop\\mynotebook\\controller\\userController.js","statementMap":{"0":{"start":{"line":1,"column":13},"end":{"line":1,"column":42}},"1":{"start":{"line":2,"column":15},"end":{"line":2,"column":32}},"2":{"start":{"line":3,"column":19},"end":{"line":3,"column":21}},"3":{"start":{"line":5,"column":12},"end":{"line":5,"column":35}},"4":{"start":{"line":7,"column":15},"end":{"line":33,"column":1}},"5":{"start":{"line":8,"column":4},"end":{"line":32,"column":5}},"6":{"start":{"line":9,"column":24},"end":{"line":9,"column":42}},"7":{"start":{"line":10,"column":8},"end":{"line":28,"column":10}},"8":{"start":{"line":11,"column":12},"end":{"line":27,"column":10}},"9":{"start":{"line":12,"column":12},"end":{"line":12,"column":33}},"10":{"start":{"line":13,"column":12},"end":{"line":22,"column":13}},"11":{"start":{"line":14,"column":16},"end":{"line":14,"column":37}},"12":{"start":{"line":15,"column":16},"end":{"line":19,"column":18}},"13":{"start":{"line":21,"column":16},"end":{"line":21,"column":27}},"14":{"start":{"line":24,"column":14},"end":{"line":27,"column":10}},"15":{"start":{"line":30,"column":8},"end":{"line":30,"column":19}},"16":{"start":{"line":34,"column":13},"end":{"line":63,"column":1}},"17":{"start":{"line":36,"column":4},"end":{"line":62,"column":5}},"18":{"start":{"line":37,"column":18},"end":{"line":37,"column":66}},"19":{"start":{"line":40,"column":6},"end":{"line":58,"column":8}},"20":{"start":{"line":41,"column":8},"end":{"line":56,"column":9}},"21":{"start":{"line":42,"column":12},"end":{"line":45,"column":14}},"22":{"start":{"line":47,"column":13},"end":{"line":56,"column":9}},"23":{"start":{"line":48,"column":26},"end":{"line":48,"column":111}},"24":{"start":{"line":49,"column":12},"end":{"line":49,"column":35}},"25":{"start":{"line":52,"column":12},"end":{"line":55,"column":14}},"26":{"start":{"line":61,"column":8},"end":{"line":61,"column":19}},"27":{"start":{"line":66,"column":19},"end":{"line":79,"column":1}},"28":{"start":{"line":68,"column":4},"end":{"line":68,"column":28}},"29":{"start":{"line":69,"column":4},"end":{"line":69,"column":23}},"30":{"start":{"line":70,"column":4},"end":{"line":70,"column":23}},"31":{"start":{"line":72,"column":4},"end":{"line":78,"column":5}},"32":{"start":{"line":73,"column":26},"end":{"line":73,"column":115}},"33":{"start":{"line":74,"column":8},"end":{"line":74,"column":29}},"34":{"start":{"line":77,"column":8},"end":{"line":77,"column":19}},"35":{"start":{"line":81,"column":22},"end":{"line":95,"column":1}},"36":{"start":{"line":85,"column":4},"end":{"line":94,"column":5}},"37":{"start":{"line":86,"column":12},"end":{"line":89,"column":14}},"38":{"start":{"line":87,"column":38},"end":{"line":87,"column":136}},"39":{"start":{"line":88,"column":16},"end":{"line":88,"column":41}},"40":{"start":{"line":93,"column":7},"end":{"line":93,"column":18}},"41":{"start":{"line":97,"column":20},"end":{"line":105,"column":1}},"42":{"start":{"line":98,"column":4},"end":{"line":104,"column":5}},"43":{"start":{"line":99,"column":12},"end":{"line":99,"column":52}},"44":{"start":{"line":100,"column":12},"end":{"line":100,"column":55}},"45":{"start":{"line":103,"column":7},"end":{"line":103,"column":18}},"46":{"start":{"line":106,"column":0},"end":{"line":106,"column":75}}},"fnMap":{"0":{"name":"(anonymous_0)","decl":{"start":{"line":7,"column":15},"end":{"line":7,"column":16}},"loc":{"start":{"line":7,"column":31},"end":{"line":33,"column":1}},"line":7},"1":{"name":"(anonymous_1)","decl":{"start":{"line":10,"column":52},"end":{"line":10,"column":53}},"loc":{"start":{"line":10,"column":78},"end":{"line":28,"column":9}},"line":10},"2":{"name":"(anonymous_2)","decl":{"start":{"line":34,"column":13},"end":{"line":34,"column":14}},"loc":{"start":{"line":34,"column":34},"end":{"line":63,"column":1}},"line":34},"3":{"name":"(anonymous_3)","decl":{"start":{"line":40,"column":55},"end":{"line":40,"column":56}},"loc":{"start":{"line":40,"column":77},"end":{"line":57,"column":7}},"line":40},"4":{"name":"(anonymous_4)","decl":{"start":{"line":66,"column":19},"end":{"line":66,"column":20}},"loc":{"start":{"line":66,"column":40},"end":{"line":79,"column":1}},"line":66},"5":{"name":"(anonymous_5)","decl":{"start":{"line":81,"column":22},"end":{"line":81,"column":23}},"loc":{"start":{"line":81,"column":38},"end":{"line":95,"column":1}},"line":81},"6":{"name":"(anonymous_6)","decl":{"start":{"line":86,"column":53},"end":{"line":86,"column":54}},"loc":{"start":{"line":86,"column":79},"end":{"line":89,"column":13}},"line":86},"7":{"name":"(anonymous_7)","decl":{"start":{"line":97,"column":20},"end":{"line":97,"column":21}},"loc":{"start":{"line":97,"column":36},"end":{"line":105,"column":1}},"line":97}},"branchMap":{"0":{"loc":{"start":{"line":11,"column":12},"end":{"line":27,"column":10}},"type":"if","locations":[{"start":{"line":11,"column":12},"end":{"line":27,"column":10}},{"start":{"line":24,"column":14},"end":{"line":27,"column":10}}],"line":11},"1":{"loc":{"start":{"line":41,"column":8},"end":{"line":56,"column":9}},"type":"if","locations":[{"start":{"line":41,"column":8},"end":{"line":56,"column":9}},{"start":{"line":47,"column":13},"end":{"line":56,"column":9}}],"line":41},"2":{"loc":{"start":{"line":47,"column":13},"end":{"line":56,"column":9}},"type":"if","locations":[{"start":{"line":47,"column":13},"end":{"line":56,"column":9}},{"start":{"line":51,"column":8},"end":{"line":56,"column":9}}],"line":47}},"s":{"0":1,"1":1,"2":1,"3":1,"4":1,"5":1,"6":1,"7":1,"8":1,"9":0,"10":0,"11":0,"12":0,"13":0,"14":1,"15":0,"16":1,"17":0,"18":0,"19":0,"20":0,"21":0,"22":0,"23":0,"24":0,"25":0,"26":0,"27":1,"28":0,"29":0,"30":0,"31":0,"32":0,"33":0,"34":0,"35":1,"36":0,"37":0,"38":0,"39":0,"40":0,"41":1,"42":0,"43":0,"44":0,"45":0,"46":1},"f":{"0":1,"1":1,"2":0,"3":0,"4":0,"5":0,"6":0,"7":0},"b":{"0":[0,1],"1":[0,0],"2":[0,0]},"_coverageSchema":"1a1c01bbd47fc00a2c39e90264f33305004495a9","hash":"b68a93a1701bd08c39ec323fede7bda70dddbcd9"}
,"C:\\Users\\ASUS\\Desktop\\mynotebook\\model\\userModel.js": {"path":"C:\\Users\\ASUS\\Desktop\\mynotebook\\model\\userModel.js","statementMap":{"0":{"start":{"line":1,"column":17},"end":{"line":1,"column":36}},"1":{"start":{"line":2,"column":19},"end":{"line":2,"column":27}},"2":{"start":{"line":4,"column":19},"end":{"line":30,"column":2}},"3":{"start":{"line":32,"column":13},"end":{"line":32,"column":48}},"4":{"start":{"line":34,"column":0},"end":{"line":34,"column":21}}},"fnMap":{},"branchMap":{},"s":{"0":1,"1":1,"2":1,"3":1,"4":1},"f":{},"b":{},"_coverageSchema":"1a1c01bbd47fc00a2c39e90264f33305004495a9","hash":"5f06ef3364ec0587dfe92b87cdb4df7e343bab57"}
}
