TN:
SF:controller\userController.js
FN:7,(anonymous_0)
FN:10,(anonymous_1)
FN:34,(anonymous_2)
FN:40,(anonymous_3)
FN:66,(anonymous_4)
FN:81,(anonymous_5)
FN:86,(anonymous_6)
FN:97,(anonymous_7)
FNF:8
FNH:2
FNDA:1,(anonymous_0)
FNDA:1,(anonymous_1)
FNDA:0,(anonymous_2)
FNDA:0,(anonymous_3)
FNDA:0,(anonymous_4)
FNDA:0,(anonymous_5)
FNDA:0,(anonymous_6)
FNDA:0,(anonymous_7)
DA:1,1
DA:2,1
DA:3,1
DA:5,1
DA:7,1
DA:8,1
DA:9,1
DA:10,1
DA:11,1
DA:12,0
DA:13,0
DA:14,0
DA:15,0
DA:21,0
DA:24,1
DA:30,0
DA:34,1
DA:36,0
DA:37,0
DA:40,0
DA:41,0
DA:42,0
DA:47,0
DA:48,0
DA:49,0
DA:52,0
DA:61,0
DA:66,1
DA:68,0
DA:69,0
DA:70,0
DA:72,0
DA:73,0
DA:74,0
DA:77,0
DA:81,1
DA:85,0
DA:86,0
DA:87,0
DA:88,0
DA:93,0
DA:97,1
DA:98,0
DA:99,0
DA:100,0
DA:103,0
DA:106,1
LF:47
LH:15
BRDA:11,0,0,0
BRDA:11,0,1,1
BRDA:41,1,0,0
BRDA:41,1,1,0
BRDA:47,2,0,0
BRDA:47,2,1,0
BRF:6
BRH:1
end_of_record
TN:
SF:model\userModel.js
FNF:0
FNH:0
DA:1,1
DA:2,1
DA:4,1
DA:32,1
DA:34,1
LF:5
LH:5
BRF:0
BRH:0
end_of_record
